{
  "RSpec": {
    "coverage": {
      "/home/rafal/Pulpit/react/parafia-kielczyglow/config/environment.rb": [
        null,
        1,
        null,
        null,
        1
      ],
      "/home/rafal/Pulpit/react/parafia-kielczyglow/config/application.rb": [
        1,
        null,
        1,
        null,
        null,
        null,
        1,
        null,
        1,
        1,
        null,
        1,
        null,
        null,
        null,
        null,
        null,
        null,
        null
      ],
      "/home/rafal/Pulpit/react/parafia-kielczyglow/config/boot.rb": [
        1,
        null,
        1,
        1
      ],
      "/home/rafal/Pulpit/react/parafia-kielczyglow/config/spring.rb": [
        null,
        1,
        null,
        null,
        null,
        4
      ],
      "/home/rafal/Pulpit/react/parafia-kielczyglow/config/environments/test.rb": [
        1,
        null,
        null,
        null,
        null,
        null,
        null,
        1,
        null,
        null,
        null,
        null,
        1,
        null,
        null,
        1,
        1,
        null,
        null,
        null,
        null,
        1,
        1,
        null,
        null,
        1,
        null,
        null,
        1,
        null,
        null,
        1,
        null,
        1,
        null,
        null,
        null,
        null,
        1,
        null,
        null,
        1,
        null,
        null,
        null,
        1,
        null
      ],
      "/home/rafal/Pulpit/react/parafia-kielczyglow/config/initializers/application_controller_renderer.rb": [
        null,
        null,
        null,
        null,
        null,
        null,
        null,
        null
      ],
      "/home/rafal/Pulpit/react/parafia-kielczyglow/config/initializers/assets.rb": [
        null,
        null,
        null,
        1,
        null,
        null,
        null,
        null,
        1,
        null,
        null,
        null,
        null,
        null
      ],
      "/home/rafal/Pulpit/react/parafia-kielczyglow/config/initializers/backtrace_silencers.rb": [
        null,
        null,
        null,
        null,
        null,
        null,
        null
      ],
      "/home/rafal/Pulpit/react/parafia-kielczyglow/config/initializers/content_security_policy.rb": [
        null,
        null,
        null,
        null,
        null,
        null,
        null,
        null,
        null,
        null,
        null,
        null,
        null,
        null,
        null,
        null,
        null,
        null,
        null,
        null,
        null,
        null,
        null,
        null,
        null
      ],
      "/home/rafal/Pulpit/react/parafia-kielczyglow/config/initializers/cookies_serializer.rb": [
        null,
        null,
        null,
        null,
        1
      ],
      "/home/rafal/Pulpit/react/parafia-kielczyglow/config/initializers/filter_parameter_logging.rb": [
        null,
        null,
        null,
        1
      ],
      "/home/rafal/Pulpit/react/parafia-kielczyglow/config/initializers/inflections.rb": [
        null,
        null,
        null,
        null,
        null,
        null,
        null,
        null,
        null,
        null,
        null,
        null,
        null,
        null,
        null,
        null
      ],
      "/home/rafal/Pulpit/react/parafia-kielczyglow/config/initializers/mime_types.rb": [
        null,
        null,
        null,
        null
      ],
      "/home/rafal/Pulpit/react/parafia-kielczyglow/config/initializers/wrap_parameters.rb": [
        null,
        null,
        null,
        null,
        null,
        null,
        1,
        2,
        null,
        null,
        null,
        null,
        null,
        null
      ],
      "/home/rafal/Pulpit/react/parafia-kielczyglow/spec/factories/contacts.rb": [
        1,
        1,
        null,
        null,
        null
      ],
      "/home/rafal/Pulpit/react/parafia-kielczyglow/spec/factories/posts.rb": [
        1,
        1,
        null,
        null,
        null
      ],
      "/home/rafal/Pulpit/react/parafia-kielczyglow/spec/factories/users.rb": [
        1,
        1,
        null,
        null,
        null
      ],
      "/home/rafal/Pulpit/react/parafia-kielczyglow/config/routes.rb": [
        1,
        1,
        1,
        1,
        1,
        1,
        1,
        1,
        1,
        1,
        1,
        1,
        null,
        1,
        1,
        1,
        null,
        1,
        1,
        1,
        null,
        null,
        null,
        1,
        1,
        1,
        1,
        1,
        null,
        null,
        null
      ],
      "/home/rafal/Pulpit/react/parafia-kielczyglow/app/helpers/application_helper.rb": [
        1,
        1,
        0,
        0,
        null,
        0,
        null,
        null,
        null
      ],
      "/home/rafal/Pulpit/react/parafia-kielczyglow/app/helpers/contacts_helper.rb": [
        1,
        null
      ],
      "/home/rafal/Pulpit/react/parafia-kielczyglow/app/models/contact.rb": [
        1,
        1,
        1,
        1,
        null,
        1,
        null,
        0,
        null,
        null,
        null,
        null,
        null
      ],
      "/home/rafal/Pulpit/react/parafia-kielczyglow/spec/models/post_spec.rb": [
        1,
        null,
        1,
        null,
        1,
        2,
        null,
        null,
        1,
        2,
        2,
        2,
        2,
        2,
        2,
        null,
        null,
        1,
        2,
        null,
        null
      ],
      "/home/rafal/Pulpit/react/parafia-kielczyglow/app/models/post.rb": [
        1,
        1,
        1,
        1,
        null,
        1,
        null,
        null,
        null,
        1,
        null,
        1,
        null,
        null,
        1,
        null,
        1,
        9,
        null,
        0,
        0,
        null,
        null
      ],
      "/home/rafal/Pulpit/react/parafia-kielczyglow/app/models/application_record.rb": [
        1,
        1,
        null
      ],
      "/home/rafal/Pulpit/react/parafia-kielczyglow/spec/models/user_spec.rb": [
        1,
        null,
        1,
        1,
        2,
        null,
        null,
        1,
        2,
        2,
        2,
        2,
        2,
        2,
        2,
        2,
        2,
        2,
        null,
        null
      ],
      "/home/rafal/Pulpit/react/parafia-kielczyglow/app/models/user.rb": [
        1,
        1,
        1,
        null,
        null,
        null,
        1,
        1,
        null,
        null,
        null,
        null,
        1,
        1,
        null,
        null,
        null
      ]
    },
    "timestamp": 1566903004
  }
}
